2022-10-29 23:29:49.390  INFO 68487 --- [main] e.u.c.h.HPCInterfaceApplication          : Starting HPCInterfaceApplication using Java 17.0.3 on MacBook-Pro-9.local with PID 68487 (/Users/fauxil/MRI/backend/target/classes started by fauxil in /Users/fauxil/MRI/backend)
2022-10-29 23:29:49.392  INFO 68487 --- [main] e.u.c.h.HPCInterfaceApplication          : No active profile set, falling back to 1 default profile: "default"
2022-10-29 23:29:50.131  INFO 68487 --- [main] .s.d.r.c.RepositoryConfigurationDelegate : Bootstrapping Spring Data JPA repositories in DEFAULT mode.
2022-10-29 23:29:50.277  INFO 68487 --- [main] .s.d.r.c.RepositoryConfigurationDelegate : Finished Spring Data repository scanning in 131 ms. Found 4 JPA repository interfaces.
2022-10-29 23:29:51.384  INFO 68487 --- [main] o.s.b.w.embedded.tomcat.TomcatWebServer  : Tomcat initialized with port(s): 8443 (https)
2022-10-29 23:29:51.396  INFO 68487 --- [main] o.apache.catalina.core.StandardService   : Starting service [Tomcat]
2022-10-29 23:29:51.396  INFO 68487 --- [main] org.apache.catalina.core.StandardEngine  : Starting Servlet engine: [Apache Tomcat/9.0.65]
2022-10-29 23:29:51.535  INFO 68487 --- [main] o.a.c.c.C.[Tomcat].[localhost].[/]       : Initializing Spring embedded WebApplicationContext
2022-10-29 23:29:51.535  INFO 68487 --- [main] w.s.c.ServletWebServerApplicationContext : Root WebApplicationContext: initialization completed in 2076 ms
2022-10-29 23:29:51.809  INFO 68487 --- [main] com.zaxxer.hikari.HikariDataSource       : HikariPool-1 - Starting...
2022-10-29 23:29:51.913  INFO 68487 --- [main] com.zaxxer.hikari.HikariDataSource       : HikariPool-1 - Start completed.
2022-10-29 23:29:52.063  INFO 68487 --- [main] liquibase.database                       : Set default schema name to public
2022-10-29 23:29:52.148  INFO 68487 --- [main] liquibase.lockservice                    : Successfully acquired change log lock
2022-10-29 23:29:52.192  INFO 68487 --- [main] liquibase.changelog                      : Reading resource: db/changes/0005-create-scripts-cleanup-enum.yaml
2022-10-29 23:29:52.337  INFO 68487 --- [main] liquibase.changelog                      : Reading resource: db/changes/0010-create-scripts-table.yaml
2022-10-29 23:29:52.351  INFO 68487 --- [main] liquibase.changelog                      : Reading resource: db/changes/0015-create-job-state-enum.yaml
2022-10-29 23:29:52.354  INFO 68487 --- [main] liquibase.changelog                      : Reading resource: db/changes/0020-create-jobs-table.yaml
2022-10-29 23:29:52.362  INFO 68487 --- [main] liquibase.changelog                      : Reading resource: db/changes/0025-create-batch-status-enum.yaml
2022-10-29 23:29:52.365  INFO 68487 --- [main] liquibase.changelog                      : Reading resource: db/changes/0030-create-batches-table.yaml
2022-10-29 23:29:52.371  INFO 68487 --- [main] liquibase.changelog                      : Reading resource: db/changes/0040-create-indexes.yaml
2022-10-29 23:29:52.376  INFO 68487 --- [main] liquibase.changelog                      : Reading resource: db/changes/0050-create-foreign-keys.yaml
2022-10-29 23:29:52.378  INFO 68487 --- [main] liquibase.changelog                      : Reading resource: db/changes/0060-rename-scripts-deleted-column.yaml
2022-10-29 23:29:52.380  INFO 68487 --- [main] liquibase.changelog                      : Reading resource: db/changes/0070-create-users-table.yaml
2022-10-29 23:29:52.383  INFO 68487 --- [main] liquibase.changelog                      : Reading resource: db/changes/0080-usernames-to-user-ids.yaml
2022-10-29 23:29:52.386  INFO 68487 --- [main] liquibase.changelog                      : Reading resource: db/changes/0090-create-user-foreign-keys.yaml
2022-10-29 23:29:52.388  INFO 68487 --- [main] liquibase.changelog                      : Reading resource: db/changes/0100-add-failed-job-state.yaml
2022-10-29 23:29:52.390  INFO 68487 --- [main] liquibase.changelog                      : Reading resource: db/changes/0110-add-failed-batch-status.yaml
2022-10-29 23:29:52.392  INFO 68487 --- [main] liquibase.changelog                      : Reading resource: db/changes/0120-add-cancelled-and-unapproved-job-state.yaml
2022-10-29 23:29:52.394  INFO 68487 --- [main] liquibase.changelog                      : Reading resource: db/changes/0130-add-email-column.yaml
2022-10-29 23:29:52.396  INFO 68487 --- [main] liquibase.changelog                      : Reading resource: db/changes/0140-add-admin-column.yaml
2022-10-29 23:29:52.398  INFO 68487 --- [main] liquibase.changelog                      : Reading resource: db/changes/0150-remove-waiting-for-setup-job-state.yaml
2022-10-29 23:29:52.400  INFO 68487 --- [main] liquibase.changelog                      : Reading resource: db/changes/0160-add-success-job-state.yaml
2022-10-29 23:29:52.403  INFO 68487 --- [main] liquibase.changelog                      : Reading resource: db/changes/0170-use-string-user-keys.yaml
2022-10-29 23:29:52.405  INFO 68487 --- [main] liquibase.changelog                      : Reading resource: db/changes/0180-add-generator-job-type.yaml
2022-10-29 23:29:52.407  INFO 68487 --- [main] liquibase.changelog                      : Reading resource: db/changes/0190-better-cleanup-batch-status.yaml
2022-10-29 23:29:52.410  INFO 68487 --- [main] liquibase.changelog                      : Reading resource: db/changes/0200-add-ssh-verify-column.yaml
2022-10-29 23:29:52.482  INFO 68487 --- [main] liquibase.changelog                      : Reading from public.databasechangelog
2022-10-29 23:29:52.568  INFO 68487 --- [main] liquibase.lockservice                    : Successfully released change log lock
2022-10-29 23:29:52.632  INFO 68487 --- [main] o.hibernate.jpa.internal.util.LogHelper  : HHH000204: Processing PersistenceUnitInfo [name: default]
2022-10-29 23:29:52.676  INFO 68487 --- [main] org.hibernate.Version                    : HHH000412: Hibernate ORM core version 5.6.10.Final
2022-10-29 23:29:52.819  INFO 68487 --- [main] o.hibernate.annotations.common.Version   : HCANN000001: Hibernate Commons Annotations {5.1.2.Final}
2022-10-29 23:29:52.935  INFO 68487 --- [main] org.hibernate.dialect.Dialect            : HHH000400: Using dialect: org.hibernate.dialect.PostgreSQL10Dialect
2022-10-29 23:29:53.679  INFO 68487 --- [main] o.h.e.t.j.p.i.JtaPlatformInitiator       : HHH000490: Using JtaPlatform implementation: [org.hibernate.engine.transaction.jta.platform.internal.NoJtaPlatform]
2022-10-29 23:29:53.689  INFO 68487 --- [main] j.LocalContainerEntityManagerFactoryBean : Initialized JPA EntityManagerFactory for persistence unit 'default'
2022-10-29 23:29:54.389  WARN 68487 --- [main] JpaBaseConfiguration$JpaWebConfiguration : spring.jpa.open-in-view is enabled by default. Therefore, database queries may be performed during view rendering. Explicitly configure spring.jpa.open-in-view to disable this warning
2022-10-29 23:29:54.615  INFO 68487 --- [main] o.s.b.a.w.s.WelcomePageHandlerMapping    : Adding welcome page: class path resource [public/index.html]
2022-10-29 23:29:54.748  INFO 68487 --- [main] o.o.core.config.InitializationService    : Initializing OpenSAML using the Java Services API
2022-10-29 23:29:55.341  INFO 68487 --- [main] o.o.xmlsec.algorithm.AlgorithmRegistry   : Algorithm failed runtime support check, will not be usable: http://www.w3.org/2001/04/xmlenc#ripemd160
2022-10-29 23:29:55.344  INFO 68487 --- [main] o.o.xmlsec.algorithm.AlgorithmRegistry   : Algorithm failed runtime support check, will not be usable: http://www.w3.org/2001/04/xmldsig-more#hmac-ripemd160
2022-10-29 23:29:55.351  INFO 68487 --- [main] o.o.xmlsec.algorithm.AlgorithmRegistry   : Algorithm failed runtime support check, will not be usable: http://www.w3.org/2001/04/xmldsig-more#rsa-ripemd160
2022-10-29 23:29:55.879  INFO 68487 --- [main] o.s.s.web.DefaultSecurityFilterChain     : Will secure any request with [org.springframework.security.web.session.DisableEncodeUrlFilter@260f8704, org.springframework.security.web.context.request.async.WebAsyncManagerIntegrationFilter@4ea01c2a, org.springframework.security.web.context.SecurityContextPersistenceFilter@7aabbe81, org.springframework.security.web.header.HeaderWriterFilter@713323a3, org.springframework.web.filter.CorsFilter@7ec02149, org.springframework.security.web.authentication.logout.LogoutFilter@3e3b41cb, org.springframework.security.saml2.provider.service.servlet.filter.Saml2WebSsoAuthenticationRequestFilter@768dcd21, org.springframework.security.saml2.provider.service.servlet.filter.Saml2WebSsoAuthenticationFilter@1be598c, org.springframework.security.web.authentication.ui.DefaultLoginPageGeneratingFilter@70b437bb, org.springframework.security.web.authentication.ui.DefaultLogoutPageGeneratingFilter@2afdab87, org.springframework.security.web.savedrequest.RequestCacheAwareFilter@3d2bcf0a, org.springframework.security.web.servletapi.SecurityContextHolderAwareRequestFilter@5e79bdf6, org.springframework.security.web.authentication.AnonymousAuthenticationFilter@70903e7b, org.springframework.security.web.session.SessionManagementFilter@dd5ea90, org.springframework.security.web.access.ExceptionTranslationFilter@52d202f0, org.springframework.security.web.access.intercept.AuthorizationFilter@16745ba7]
2022-10-29 23:29:56.260  INFO 68487 --- [main] o.s.b.w.embedded.tomcat.TomcatWebServer  : Tomcat started on port(s): 8443 (https) with context path ''
2022-10-29 23:29:56.676  INFO 68487 --- [main] e.u.c.h.HPCInterfaceApplication          : Started HPCInterfaceApplication in 7.972 seconds (JVM running for 8.454)
2022-10-29 23:30:04.136  INFO 68487 --- [pool-2-thread-1] e.u.c.h.async.tasks.PollTask             : Starting
2022-10-29 23:30:05.644 ERROR 68487 --- [pool-2-thread-1] e.u.c.h.async.tasks.PollTask             : Unable to poll jobs
2022-10-29 23:30:05.645 ERROR 68487 --- [pool-2-thread-1] e.u.c.h.async.tasks.PollTask             : java.io.IOException: Authentication failed
2022-10-29 23:30:15.650  INFO 68487 --- [pool-2-thread-1] e.u.c.h.async.tasks.PollTask             : Starting
2022-10-29 23:30:15.860 ERROR 68487 --- [pool-2-thread-1] e.u.c.h.async.tasks.PollTask             : Unable to poll jobs
2022-10-29 23:30:15.861 ERROR 68487 --- [pool-2-thread-1] e.u.c.h.async.tasks.PollTask             : java.io.IOException: Authentication failed
2022-10-29 23:30:25.866  INFO 68487 --- [pool-2-thread-1] e.u.c.h.async.tasks.PollTask             : Starting
2022-10-29 23:30:26.072 ERROR 68487 --- [pool-2-thread-1] e.u.c.h.async.tasks.PollTask             : Unable to poll jobs
2022-10-29 23:30:26.072 ERROR 68487 --- [pool-2-thread-1] e.u.c.h.async.tasks.PollTask             : java.io.IOException: Authentication failed
2022-10-29 23:30:33.494  INFO 68487 --- [https-jsse-nio-8443-exec-9] o.a.c.c.C.[Tomcat].[localhost].[/]       : Initializing Spring DispatcherServlet 'dispatcherServlet'
2022-10-29 23:30:33.495  INFO 68487 --- [https-jsse-nio-8443-exec-9] o.s.web.servlet.DispatcherServlet        : Initializing Servlet 'dispatcherServlet'
2022-10-29 23:30:33.497  INFO 68487 --- [https-jsse-nio-8443-exec-9] o.s.web.servlet.DispatcherServlet        : Completed initialization in 1 ms
2022-10-29 23:30:36.076  INFO 68487 --- [pool-2-thread-1] e.u.c.h.async.tasks.PollTask             : Starting
2022-10-29 23:30:36.282 ERROR 68487 --- [pool-2-thread-1] e.u.c.h.async.tasks.PollTask             : Unable to poll jobs
2022-10-29 23:30:36.282 ERROR 68487 --- [pool-2-thread-1] e.u.c.h.async.tasks.PollTask             : java.io.IOException: Authentication failed
2022-10-29 23:30:46.287  INFO 68487 --- [pool-2-thread-1] e.u.c.h.async.tasks.PollTask             : Starting
2022-10-29 23:30:46.483 ERROR 68487 --- [pool-2-thread-1] e.u.c.h.async.tasks.PollTask             : Unable to poll jobs
2022-10-29 23:30:46.483 ERROR 68487 --- [pool-2-thread-1] e.u.c.h.async.tasks.PollTask             : java.io.IOException: Authentication failed
2022-10-29 23:30:56.489  INFO 68487 --- [pool-2-thread-1] e.u.c.h.async.tasks.PollTask             : Starting
2022-10-29 23:30:56.764  INFO 68487 --- [pool-2-thread-1] e.u.c.h.async.tasks.PollTask             : Polling all job states
2022-10-29 23:30:56.764  INFO 68487 --- [pool-2-thread-1] e.u.c.h.async.tasks.PollJobStateSubTask  : No jobs to poll...
2022-10-29 23:30:56.765  INFO 68487 --- [pool-2-thread-1] e.u.c.h.async.tasks.PollTask             : Syncing all job logs
2022-10-29 23:30:56.826  INFO 68487 --- [pool-2-thread-1] e.u.c.h.async.tasks.PollTask             : Done
2022-10-29 23:31:06.831  INFO 68487 --- [pool-2-thread-1] e.u.c.h.async.tasks.PollTask             : Starting
2022-10-29 23:31:07.087  INFO 68487 --- [pool-2-thread-1] e.u.c.h.async.tasks.PollTask             : Polling all job states
2022-10-29 23:31:07.087  INFO 68487 --- [pool-2-thread-1] e.u.c.h.async.tasks.PollJobStateSubTask  : No jobs to poll...
2022-10-29 23:31:07.087  INFO 68487 --- [pool-2-thread-1] e.u.c.h.async.tasks.PollTask             : Syncing all job logs
2022-10-29 23:31:07.126  INFO 68487 --- [pool-2-thread-1] e.u.c.h.async.tasks.PollTask             : Done
2022-10-29 23:31:17.131  INFO 68487 --- [pool-2-thread-1] e.u.c.h.async.tasks.PollTask             : Starting
2022-10-29 23:31:17.346  INFO 68487 --- [pool-2-thread-1] e.u.c.h.async.tasks.PollTask             : Polling all job states
2022-10-29 23:31:17.346  INFO 68487 --- [pool-2-thread-1] e.u.c.h.async.tasks.PollJobStateSubTask  : No jobs to poll...
2022-10-29 23:31:17.346  INFO 68487 --- [pool-2-thread-1] e.u.c.h.async.tasks.PollTask             : Syncing all job logs
2022-10-29 23:31:17.390  INFO 68487 --- [pool-2-thread-1] e.u.c.h.async.tasks.PollTask             : Done
2022-10-29 23:31:27.395  INFO 68487 --- [pool-2-thread-1] e.u.c.h.async.tasks.PollTask             : Starting
2022-10-29 23:31:27.582 ERROR 68487 --- [pool-2-thread-1] e.u.c.h.async.tasks.PollTask             : Unable to poll jobs
2022-10-29 23:31:27.582 ERROR 68487 --- [pool-2-thread-1] e.u.c.h.async.tasks.PollTask             : java.io.IOException: Authentication failed
2022-10-29 23:31:37.587  INFO 68487 --- [pool-2-thread-1] e.u.c.h.async.tasks.PollTask             : Starting
2022-10-29 23:31:37.835  INFO 68487 --- [pool-2-thread-1] e.u.c.h.async.tasks.PollTask             : Polling all job states
2022-10-29 23:31:37.835  INFO 68487 --- [pool-2-thread-1] e.u.c.h.async.tasks.PollJobStateSubTask  : No jobs to poll...
2022-10-29 23:31:37.835  INFO 68487 --- [pool-2-thread-1] e.u.c.h.async.tasks.PollTask             : Syncing all job logs
2022-10-29 23:31:37.866  INFO 68487 --- [pool-2-thread-1] e.u.c.h.async.tasks.PollTask             : Done
2022-10-29 23:31:47.872  INFO 68487 --- [pool-2-thread-1] e.u.c.h.async.tasks.PollTask             : Starting
2022-10-29 23:31:48.108  INFO 68487 --- [pool-2-thread-1] e.u.c.h.async.tasks.PollTask             : Polling all job states
2022-10-29 23:31:48.108  INFO 68487 --- [pool-2-thread-1] e.u.c.h.async.tasks.PollJobStateSubTask  : No jobs to poll...
2022-10-29 23:31:48.108  INFO 68487 --- [pool-2-thread-1] e.u.c.h.async.tasks.PollTask             : Syncing all job logs
2022-10-29 23:31:48.139  INFO 68487 --- [pool-2-thread-1] e.u.c.h.async.tasks.PollTask             : Done
2022-10-29 23:31:58.144  INFO 68487 --- [pool-2-thread-1] e.u.c.h.async.tasks.PollTask             : Starting
2022-10-29 23:31:58.378  INFO 68487 --- [pool-2-thread-1] e.u.c.h.async.tasks.PollTask             : Polling all job states
2022-10-29 23:31:58.378  INFO 68487 --- [pool-2-thread-1] e.u.c.h.async.tasks.PollJobStateSubTask  : No jobs to poll...
2022-10-29 23:31:58.379  INFO 68487 --- [pool-2-thread-1] e.u.c.h.async.tasks.PollTask             : Syncing all job logs
2022-10-29 23:31:58.408  INFO 68487 --- [pool-2-thread-1] e.u.c.h.async.tasks.PollTask             : Done
2022-10-29 23:32:08.413  INFO 68487 --- [pool-2-thread-1] e.u.c.h.async.tasks.PollTask             : Starting
2022-10-29 23:32:08.647  INFO 68487 --- [pool-2-thread-1] e.u.c.h.async.tasks.PollTask             : Polling all job states
2022-10-29 23:32:08.648  INFO 68487 --- [pool-2-thread-1] e.u.c.h.async.tasks.PollJobStateSubTask  : No jobs to poll...
2022-10-29 23:32:08.648  INFO 68487 --- [pool-2-thread-1] e.u.c.h.async.tasks.PollTask             : Syncing all job logs
2022-10-29 23:32:08.678  INFO 68487 --- [pool-2-thread-1] e.u.c.h.async.tasks.PollTask             : Done
2022-10-29 23:32:18.682  INFO 68487 --- [pool-2-thread-1] e.u.c.h.async.tasks.PollTask             : Starting
2022-10-29 23:32:18.918  INFO 68487 --- [pool-2-thread-1] e.u.c.h.async.tasks.PollTask             : Polling all job states
2022-10-29 23:32:18.918  INFO 68487 --- [pool-2-thread-1] e.u.c.h.async.tasks.PollJobStateSubTask  : No jobs to poll...
2022-10-29 23:32:18.919  INFO 68487 --- [pool-2-thread-1] e.u.c.h.async.tasks.PollTask             : Syncing all job logs
2022-10-29 23:32:18.945  INFO 68487 --- [pool-2-thread-1] e.u.c.h.async.tasks.PollTask             : Done
2022-10-29 23:32:28.950  INFO 68487 --- [pool-2-thread-1] e.u.c.h.async.tasks.PollTask             : Starting
2022-10-29 23:32:29.185  INFO 68487 --- [pool-2-thread-1] e.u.c.h.async.tasks.PollTask             : Polling all job states
2022-10-29 23:32:29.185  INFO 68487 --- [pool-2-thread-1] e.u.c.h.async.tasks.PollJobStateSubTask  : No jobs to poll...
2022-10-29 23:32:29.185  INFO 68487 --- [pool-2-thread-1] e.u.c.h.async.tasks.PollTask             : Syncing all job logs
2022-10-29 23:32:29.212  INFO 68487 --- [pool-2-thread-1] e.u.c.h.async.tasks.PollTask             : Done
2022-10-29 23:32:39.214  INFO 68487 --- [pool-2-thread-1] e.u.c.h.async.tasks.PollTask             : Starting
2022-10-29 23:32:39.445  INFO 68487 --- [pool-2-thread-1] e.u.c.h.async.tasks.PollTask             : Polling all job states
2022-10-29 23:32:39.446  INFO 68487 --- [pool-2-thread-1] e.u.c.h.async.tasks.PollJobStateSubTask  : No jobs to poll...
2022-10-29 23:32:39.446  INFO 68487 --- [pool-2-thread-1] e.u.c.h.async.tasks.PollTask             : Syncing all job logs
2022-10-29 23:32:39.473  INFO 68487 --- [pool-2-thread-1] e.u.c.h.async.tasks.PollTask             : Done
2022-10-29 23:32:49.477  INFO 68487 --- [pool-2-thread-1] e.u.c.h.async.tasks.PollTask             : Starting
2022-10-29 23:32:49.714  INFO 68487 --- [pool-2-thread-1] e.u.c.h.async.tasks.PollTask             : Polling all job states
2022-10-29 23:32:49.714  INFO 68487 --- [pool-2-thread-1] e.u.c.h.async.tasks.PollJobStateSubTask  : No jobs to poll...
2022-10-29 23:32:49.714  INFO 68487 --- [pool-2-thread-1] e.u.c.h.async.tasks.PollTask             : Syncing all job logs
2022-10-29 23:32:49.745  INFO 68487 --- [pool-2-thread-1] e.u.c.h.async.tasks.PollTask             : Done
2022-10-29 23:32:54.214  INFO 68487 --- [https-jsse-nio-8443-exec-5] e.u.c.h.async.executor.OneTimeExecutor   : Submitting job 44ad2ced-a4b6-4ba0-a3c6-818ebbf7c195
2022-10-29 23:32:54.214  INFO 68487 --- [pool-1-thread-1] 6-4ba0-a3c6-818ebbf7c195 SubmitSetupTask : Starting
2022-10-29 23:32:54.214  INFO 68487 --- [pool-1-thread-1] 6-4ba0-a3c6-818ebbf7c195 SubmitSetupTask : This batch has no setup script.  Moving straight to GENERATING stage and spawning a generation job
2022-10-29 23:32:54.226  INFO 68487 --- [pool-1-thread-1] e.u.c.h.async.executor.OneTimeExecutor   : Submitting job 0918af61-9216-4d9b-b75d-580af0f4486e
2022-10-29 23:32:54.231  INFO 68487 --- [pool-1-thread-2] -4d9b-b75d-580af0f4486e GenerateJobsTask : Starting for 0131a262-130e-4d1b-b7d7-95fe9dc5bc2d
2022-10-29 23:32:54.433  INFO 68487 --- [pool-1-thread-2] e.u.c.hpc_interface.service.SSHService   : Copying generator-8652848291075410680-0131a262-130e-4d1b-b7d7-95fe9dc5bc2d.sh to server /scratch/cs495/hpc-interface/generator-8652848291075410680-0131a262-130e-4d1b-b7d7-95fe9dc5bc2d.sh
2022-10-29 23:32:59.750  INFO 68487 --- [pool-2-thread-1] e.u.c.h.async.tasks.PollTask             : Starting
2022-10-29 23:32:59.986  INFO 68487 --- [pool-2-thread-1] e.u.c.h.async.tasks.PollTask             : Polling all job states
2022-10-29 23:32:59.986  INFO 68487 --- [pool-2-thread-1] e.u.c.h.async.tasks.PollJobStateSubTask  : No jobs to poll...
2022-10-29 23:32:59.986  INFO 68487 --- [pool-2-thread-1] e.u.c.h.async.tasks.PollTask             : Syncing all job logs
2022-10-29 23:33:00.016  INFO 68487 --- [pool-2-thread-1] e.u.c.h.async.tasks.PollTask             : Done
2022-10-29 23:33:10.021  INFO 68487 --- [pool-2-thread-1] e.u.c.h.async.tasks.PollTask             : Starting
2022-10-29 23:33:10.253  INFO 68487 --- [pool-2-thread-1] e.u.c.h.async.tasks.PollTask             : Polling all job states
2022-10-29 23:33:10.254  INFO 68487 --- [pool-2-thread-1] e.u.c.h.async.tasks.PollJobStateSubTask  : No jobs to poll...
2022-10-29 23:33:10.254  INFO 68487 --- [pool-2-thread-1] e.u.c.h.async.tasks.PollTask             : Syncing all job logs
2022-10-29 23:33:10.279  INFO 68487 --- [pool-2-thread-1] e.u.c.h.async.tasks.PollTask             : Done
2022-10-29 23:33:20.284  INFO 68487 --- [pool-2-thread-1] e.u.c.h.async.tasks.PollTask             : Starting
2022-10-29 23:33:20.521  INFO 68487 --- [pool-2-thread-1] e.u.c.h.async.tasks.PollTask             : Polling all job states
2022-10-29 23:33:20.522  INFO 68487 --- [pool-2-thread-1] e.u.c.h.async.tasks.PollJobStateSubTask  : No jobs to poll...
2022-10-29 23:33:20.522  INFO 68487 --- [pool-2-thread-1] e.u.c.h.async.tasks.PollTask             : Syncing all job logs
2022-10-29 23:33:20.551  INFO 68487 --- [pool-2-thread-1] e.u.c.h.async.tasks.PollTask             : Done
2022-10-29 23:33:24.437  INFO 68487 --- [pool-1-thread-2] -4d9b-b75d-580af0f4486e GenerateJobsTask : Generation has FAILED
2022-10-29 23:33:24.437 ERROR 68487 --- [pool-1-thread-2] -4d9b-b75d-580af0f4486e GenerateJobsTask : java.io.IOException: Task did not complete before the specified timeout
2022-10-29 23:33:24.438 ERROR 68487 --- [pool-1-thread-2] -4d9b-b75d-580af0f4486e GenerateJobsTask : java.io.IOException: Task did not complete before the specified timeout
	at com.sshtools.client.SshClient.doTask(SshClient.java:262)
	at com.sshtools.client.SshClient.putFile(SshClient.java:300)
	at edu.ua.cs495.hpc_interface.service.SSHService.copyScript(SSHService.java:112)
	at edu.ua.cs495.hpc_interface.async.tasks.GenerateJobsTask.runJob(GenerateJobsTask.java:153)
	at edu.ua.cs495.hpc_interface.async.tasks.AbstractOneTimeTask.run(AbstractOneTimeTask.java:34)
	at java.base/java.util.concurrent.Executors$RunnableAdapter.call(Executors.java:539)
	at java.base/java.util.concurrent.FutureTask.run(FutureTask.java:264)
	at java.base/java.util.concurrent.ThreadPoolExecutor.runWorker(ThreadPoolExecutor.java:1136)
	at java.base/java.util.concurrent.ThreadPoolExecutor$Worker.run(ThreadPoolExecutor.java:635)
	at java.base/java.lang.Thread.run(Thread.java:833)

2022-10-29 23:33:30.556  INFO 68487 --- [pool-2-thread-1] e.u.c.h.async.tasks.PollTask             : Starting
2022-10-29 23:33:30.786  INFO 68487 --- [pool-2-thread-1] e.u.c.h.async.tasks.PollTask             : Polling all job states
2022-10-29 23:33:30.787  INFO 68487 --- [pool-2-thread-1] e.u.c.h.async.tasks.PollJobStateSubTask  : No jobs to poll...
2022-10-29 23:33:30.787  INFO 68487 --- [pool-2-thread-1] e.u.c.h.async.tasks.PollTask             : Syncing all job logs
2022-10-29 23:33:30.819  INFO 68487 --- [pool-2-thread-1] e.u.c.h.async.tasks.PollTask             : Done
2022-10-29 23:33:40.825  INFO 68487 --- [pool-2-thread-1] e.u.c.h.async.tasks.PollTask             : Starting
2022-10-29 23:33:41.067  INFO 68487 --- [pool-2-thread-1] e.u.c.h.async.tasks.PollTask             : Polling all job states
2022-10-29 23:33:41.068  INFO 68487 --- [pool-2-thread-1] e.u.c.h.async.tasks.PollJobStateSubTask  : No jobs to poll...
2022-10-29 23:33:41.068  INFO 68487 --- [pool-2-thread-1] e.u.c.h.async.tasks.PollTask             : Syncing all job logs
2022-10-29 23:33:41.091  INFO 68487 --- [pool-2-thread-1] e.u.c.h.async.tasks.PollTask             : Done
2022-10-29 23:33:51.095  INFO 68487 --- [pool-2-thread-1] e.u.c.h.async.tasks.PollTask             : Starting
2022-10-29 23:33:51.323  INFO 68487 --- [pool-2-thread-1] e.u.c.h.async.tasks.PollTask             : Polling all job states
2022-10-29 23:33:51.323  INFO 68487 --- [pool-2-thread-1] e.u.c.h.async.tasks.PollJobStateSubTask  : No jobs to poll...
2022-10-29 23:33:51.323  INFO 68487 --- [pool-2-thread-1] e.u.c.h.async.tasks.PollTask             : Syncing all job logs
2022-10-29 23:33:51.343  INFO 68487 --- [pool-2-thread-1] e.u.c.h.async.tasks.PollTask             : Done
2022-10-29 23:34:01.346  INFO 68487 --- [pool-2-thread-1] e.u.c.h.async.tasks.PollTask             : Starting
2022-10-29 23:34:01.572  INFO 68487 --- [pool-2-thread-1] e.u.c.h.async.tasks.PollTask             : Polling all job states
2022-10-29 23:34:01.573  INFO 68487 --- [pool-2-thread-1] e.u.c.h.async.tasks.PollJobStateSubTask  : No jobs to poll...
2022-10-29 23:34:01.573  INFO 68487 --- [pool-2-thread-1] e.u.c.h.async.tasks.PollTask             : Syncing all job logs
2022-10-29 23:34:01.594  INFO 68487 --- [pool-2-thread-1] e.u.c.h.async.tasks.PollTask             : Done
2022-10-29 23:34:11.600  INFO 68487 --- [pool-2-thread-1] e.u.c.h.async.tasks.PollTask             : Starting
2022-10-29 23:34:11.825  INFO 68487 --- [pool-2-thread-1] e.u.c.h.async.tasks.PollTask             : Polling all job states
2022-10-29 23:34:11.825  INFO 68487 --- [pool-2-thread-1] e.u.c.h.async.tasks.PollJobStateSubTask  : No jobs to poll...
2022-10-29 23:34:11.825  INFO 68487 --- [pool-2-thread-1] e.u.c.h.async.tasks.PollTask             : Syncing all job logs
2022-10-29 23:34:11.844  INFO 68487 --- [pool-2-thread-1] e.u.c.h.async.tasks.PollTask             : Done
2022-10-29 23:34:21.848  INFO 68487 --- [pool-2-thread-1] e.u.c.h.async.tasks.PollTask             : Starting
2022-10-29 23:34:22.070  INFO 68487 --- [pool-2-thread-1] e.u.c.h.async.tasks.PollTask             : Polling all job states
2022-10-29 23:34:22.070  INFO 68487 --- [pool-2-thread-1] e.u.c.h.async.tasks.PollJobStateSubTask  : No jobs to poll...
2022-10-29 23:34:22.070  INFO 68487 --- [pool-2-thread-1] e.u.c.h.async.tasks.PollTask             : Syncing all job logs
2022-10-29 23:34:22.089  INFO 68487 --- [pool-2-thread-1] e.u.c.h.async.tasks.PollTask             : Done
2022-10-29 23:34:32.091  INFO 68487 --- [pool-2-thread-1] e.u.c.h.async.tasks.PollTask             : Starting
2022-10-29 23:34:32.318  INFO 68487 --- [pool-2-thread-1] e.u.c.h.async.tasks.PollTask             : Polling all job states
2022-10-29 23:34:32.318  INFO 68487 --- [pool-2-thread-1] e.u.c.h.async.tasks.PollJobStateSubTask  : No jobs to poll...
2022-10-29 23:34:32.318  INFO 68487 --- [pool-2-thread-1] e.u.c.h.async.tasks.PollTask             : Syncing all job logs
2022-10-29 23:34:32.341  INFO 68487 --- [pool-2-thread-1] e.u.c.h.async.tasks.PollTask             : Done
2022-10-29 23:34:42.346  INFO 68487 --- [pool-2-thread-1] e.u.c.h.async.tasks.PollTask             : Starting
2022-10-29 23:34:42.572  INFO 68487 --- [pool-2-thread-1] e.u.c.h.async.tasks.PollTask             : Polling all job states
2022-10-29 23:34:42.572  INFO 68487 --- [pool-2-thread-1] e.u.c.h.async.tasks.PollJobStateSubTask  : No jobs to poll...
2022-10-29 23:34:42.572  INFO 68487 --- [pool-2-thread-1] e.u.c.h.async.tasks.PollTask             : Syncing all job logs
2022-10-29 23:34:42.591  INFO 68487 --- [pool-2-thread-1] e.u.c.h.async.tasks.PollTask             : Done
2022-10-29 23:34:52.595  INFO 68487 --- [pool-2-thread-1] e.u.c.h.async.tasks.PollTask             : Starting
2022-10-29 23:34:52.822  INFO 68487 --- [pool-2-thread-1] e.u.c.h.async.tasks.PollTask             : Polling all job states
2022-10-29 23:34:52.822  INFO 68487 --- [pool-2-thread-1] e.u.c.h.async.tasks.PollJobStateSubTask  : No jobs to poll...
2022-10-29 23:34:52.822  INFO 68487 --- [pool-2-thread-1] e.u.c.h.async.tasks.PollTask             : Syncing all job logs
2022-10-29 23:34:52.841  INFO 68487 --- [pool-2-thread-1] e.u.c.h.async.tasks.PollTask             : Done
2022-10-29 23:35:02.845  INFO 68487 --- [pool-2-thread-1] e.u.c.h.async.tasks.PollTask             : Starting
2022-10-29 23:35:03.058  INFO 68487 --- [pool-2-thread-1] e.u.c.h.async.tasks.PollTask             : Polling all job states
2022-10-29 23:35:03.058  INFO 68487 --- [pool-2-thread-1] e.u.c.h.async.tasks.PollJobStateSubTask  : No jobs to poll...
2022-10-29 23:35:03.059  INFO 68487 --- [pool-2-thread-1] e.u.c.h.async.tasks.PollTask             : Syncing all job logs
2022-10-29 23:35:03.077  INFO 68487 --- [pool-2-thread-1] e.u.c.h.async.tasks.PollTask             : Done
2022-10-29 23:35:13.082  INFO 68487 --- [pool-2-thread-1] e.u.c.h.async.tasks.PollTask             : Starting
2022-10-29 23:35:13.308  INFO 68487 --- [pool-2-thread-1] e.u.c.h.async.tasks.PollTask             : Polling all job states
2022-10-29 23:35:13.308  INFO 68487 --- [pool-2-thread-1] e.u.c.h.async.tasks.PollJobStateSubTask  : No jobs to poll...
2022-10-29 23:35:13.308  INFO 68487 --- [pool-2-thread-1] e.u.c.h.async.tasks.PollTask             : Syncing all job logs
2022-10-29 23:35:13.326  INFO 68487 --- [pool-2-thread-1] e.u.c.h.async.tasks.PollTask             : Done
2022-10-29 23:35:23.329  INFO 68487 --- [pool-2-thread-1] e.u.c.h.async.tasks.PollTask             : Starting
2022-10-29 23:35:23.549  INFO 68487 --- [pool-2-thread-1] e.u.c.h.async.tasks.PollTask             : Polling all job states
2022-10-29 23:35:23.549  INFO 68487 --- [pool-2-thread-1] e.u.c.h.async.tasks.PollJobStateSubTask  : No jobs to poll...
2022-10-29 23:35:23.549  INFO 68487 --- [pool-2-thread-1] e.u.c.h.async.tasks.PollTask             : Syncing all job logs
2022-10-29 23:35:23.569  INFO 68487 --- [pool-2-thread-1] e.u.c.h.async.tasks.PollTask             : Done
2022-10-29 23:35:33.574  INFO 68487 --- [pool-2-thread-1] e.u.c.h.async.tasks.PollTask             : Starting
2022-10-29 23:35:33.801  INFO 68487 --- [pool-2-thread-1] e.u.c.h.async.tasks.PollTask             : Polling all job states
2022-10-29 23:35:33.801  INFO 68487 --- [pool-2-thread-1] e.u.c.h.async.tasks.PollJobStateSubTask  : No jobs to poll...
2022-10-29 23:35:33.802  INFO 68487 --- [pool-2-thread-1] e.u.c.h.async.tasks.PollTask             : Syncing all job logs
2022-10-29 23:35:33.824  INFO 68487 --- [pool-2-thread-1] e.u.c.h.async.tasks.PollTask             : Done
2022-10-29 23:35:43.829  INFO 68487 --- [pool-2-thread-1] e.u.c.h.async.tasks.PollTask             : Starting
2022-10-29 23:35:44.062  INFO 68487 --- [pool-2-thread-1] e.u.c.h.async.tasks.PollTask             : Polling all job states
2022-10-29 23:35:44.062  INFO 68487 --- [pool-2-thread-1] e.u.c.h.async.tasks.PollJobStateSubTask  : No jobs to poll...
2022-10-29 23:35:44.063  INFO 68487 --- [pool-2-thread-1] e.u.c.h.async.tasks.PollTask             : Syncing all job logs
2022-10-29 23:35:44.084  INFO 68487 --- [pool-2-thread-1] e.u.c.h.async.tasks.PollTask             : Done
2022-10-29 23:35:54.087  INFO 68487 --- [pool-2-thread-1] e.u.c.h.async.tasks.PollTask             : Starting
2022-10-29 23:35:54.307  INFO 68487 --- [pool-2-thread-1] e.u.c.h.async.tasks.PollTask             : Polling all job states
2022-10-29 23:35:54.308  INFO 68487 --- [pool-2-thread-1] e.u.c.h.async.tasks.PollJobStateSubTask  : No jobs to poll...
2022-10-29 23:35:54.308  INFO 68487 --- [pool-2-thread-1] e.u.c.h.async.tasks.PollTask             : Syncing all job logs
2022-10-29 23:35:54.325  INFO 68487 --- [pool-2-thread-1] e.u.c.h.async.tasks.PollTask             : Done
2022-10-29 23:36:04.330  INFO 68487 --- [pool-2-thread-1] e.u.c.h.async.tasks.PollTask             : Starting
2022-10-29 23:36:04.557  INFO 68487 --- [pool-2-thread-1] e.u.c.h.async.tasks.PollTask             : Polling all job states
2022-10-29 23:36:04.558  INFO 68487 --- [pool-2-thread-1] e.u.c.h.async.tasks.PollJobStateSubTask  : No jobs to poll...
2022-10-29 23:36:04.558  INFO 68487 --- [pool-2-thread-1] e.u.c.h.async.tasks.PollTask             : Syncing all job logs
2022-10-29 23:36:04.579  INFO 68487 --- [pool-2-thread-1] e.u.c.h.async.tasks.PollTask             : Done
2022-10-29 23:36:14.584  INFO 68487 --- [pool-2-thread-1] e.u.c.h.async.tasks.PollTask             : Starting
2022-10-29 23:36:14.808  INFO 68487 --- [pool-2-thread-1] e.u.c.h.async.tasks.PollTask             : Polling all job states
2022-10-29 23:36:14.808  INFO 68487 --- [pool-2-thread-1] e.u.c.h.async.tasks.PollJobStateSubTask  : No jobs to poll...
2022-10-29 23:36:14.808  INFO 68487 --- [pool-2-thread-1] e.u.c.h.async.tasks.PollTask             : Syncing all job logs
2022-10-29 23:36:14.826  INFO 68487 --- [pool-2-thread-1] e.u.c.h.async.tasks.PollTask             : Done
